#
# There is insufficient memory for the Java Runtime Environment to continue.
# Native memory allocation (mmap) failed to map 134217728 bytes. Error detail: G1 virtual space
# Possible reasons:
#   The system is out of physical RAM or swap space
#   This process is running with CompressedOops enabled, and the Java Heap may be blocking the growth of the native heap
# Possible solutions:
#   Reduce memory load on the system
#   Increase physical memory or swap space
#   Check if swap backing store is full
#   Decrease Java heap size (-Xmx/-Xms)
#   Decrease number of Java threads
#   Decrease Java thread stack sizes (-Xss)
#   Set larger code cache with -XX:ReservedCodeCacheSize=
#   JVM is running with Unscaled Compressed Oops mode in which the Java heap is
#     placed in the first 4GB address space. The Java Heap base address is the
#     maximum limit for the native heap growth. Please use -XX:HeapBaseMinAddress
#     to set the Java Heap base and to place the Java Heap above 4GB virtual address.
# This output file may be truncated or incomplete.
#
#  Out of Memory Error (os_windows.cpp:3828), pid=8292, tid=10892
#
# JRE version:  (21.0.5) (build )
# Java VM: OpenJDK 64-Bit Server VM (21.0.5+-12932927-b750.29, mixed mode, sharing, tiered, compressed oops, compressed class ptrs, g1 gc, windows-amd64)
# No core dump will be written. Minidumps are not enabled by default on client versions of Windows
#

---------------  S U M M A R Y ------------

Command Line: git4idea.http.GitAskPassApp Username for 'https://github.com': 

Host: Intel(R) Core(TM) i5-6300U CPU @ 2.40GHz, 4 cores, 7G,  Windows 11 , 64 bit Build 22000 (10.0.22000.2538)
Time: Sun Feb 23 10:31:22 2025 Pacific Standard Time elapsed time: 0.166181 seconds (0d 0h 0m 0s)

---------------  T H R E A D  ---------------

Current thread (0x00000169af66c360):  JavaThread "Unknown thread" [_thread_in_vm, id=10892, stack(0x0000005ff4500000,0x0000005ff4600000) (1024K)]

Stack: [0x0000005ff4500000,0x0000005ff4600000]
Native frames: (J=compiled Java code, j=interpreted, Vv=VM code, C=native code)
V  [jvm.dll+0x6cfb29]
V  [jvm.dll+0x85ded3]
V  [jvm.dll+0x86042e]
V  [jvm.dll+0x860b13]
V  [jvm.dll+0x27e6b6]
V  [jvm.dll+0x6cc385]
V  [jvm.dll+0x6c078a]
V  [jvm.dll+0x35525b]
V  [jvm.dll+0x35ceb6]
V  [jvm.dll+0x3aedd6]
V  [jvm.dll+0x3af0a8]
V  [jvm.dll+0x32792c]
V  [jvm.dll+0x32861b]
V  [jvm.dll+0x825919]
V  [jvm.dll+0x3bbfa8]
V  [jvm.dll+0x80ec88]
V  [jvm.dll+0x45015e]
V  [jvm.dll+0x4518c1]
C  [jli.dll+0x52ab]
C  [ucrtbase.dll+0x26c0c]
C  [KERNEL32.DLL+0x153e0]
C  [ntdll.dll+0x485b]


---------------  P R O C E S S  ---------------

Threads class SMR info:
_java_thread_list=0x00007ffb51340808, length=0, elements={
}

Java Threads: ( => current thread )
Total: 0

Other Threads:
  0x00000169b17caf30 WorkerThread "GC Thread#0"                     [id=2360, stack(0x0000005ff4600000,0x0000005ff4700000) (1024K)]
  0x00000169b17dbb50 ConcurrentGCThread "G1 Main Marker"            [id=2104, stack(0x0000005ff4700000,0x0000005ff4800000) (1024K)]
  0x00000169b17dc7c0 WorkerThread "G1 Conc#0"                       [id=7252, stack(0x0000005ff4800000,0x0000005ff4900000) (1024K)]

[error occurred during error reporting (printing all threads), id 0xc0000005, EXCEPTION_ACCESS_VIOLATION (0xc0000005) at pc=0x00007ffb50b3a967]
VM state: not at safepoint (not fully initialized)

VM Mutex/Monitor currently owned by a thread:  ([mutex/lock_event])
[0x00007ffb513ad460] Heap_lock - owner thread: 0x00000169af66c360

Heap address: 0x0000000081e00000, size: 2018 MB, Compressed Oops mode: 32-bit

CDS archive(s) mapped at: [0x0000000000000000-0x0000000000000000-0x0000000000000000), size 0, SharedBaseAddress: 0x0000000800000000, ArchiveRelocationMode: 1.
Narrow klass base: 0x0000000000000000, Narrow klass shift: 0, Narrow klass range: 0x0

GC Precious Log:
 CardTable entry size: 512
 Card Set container configuration: InlinePtr #cards 5 size 8 Array Of Cards #cards 12 size 40 Howl #buckets 4 coarsen threshold 1843 Howl Bitmap #cards 512 size 80 coarsen threshold 460 Card regions per heap region 1 cards per card region 2048

Heap:
 garbage-first heap   total 0K, used 0K [0x0000000081e00000, 0x0000000100000000)
  region size 1024K, 0 young (0K), 0 survivors (0K)
 Metaspace       used 0K, committed 0K, reserved 0K
  class space    used 0K, committed 0K, reserved 0K

Heap Regions: E=young(eden), S=young(survivor), O=old, HS=humongous(starts), HC=humongous(continues), CS=collection set, F=free, TAMS=top-at-mark-start, PB=parsable bottom

Card table byte_map: [0x00000169c3ce0000,0x00000169c40e0000] _byte_map_base: 0x00000169c38d1000

Marking Bits: (CMBitMap*) 0x00000169b17cb630
 Bits: [0x00000169c40e0000, 0x00000169c6068000)

GC Heap History (0 events):
No events

Dll operation events (1 events):
Event: 0.143 Loaded shared library C:\Program Files\Android\Android Studio\jbr\bin\java.dll

Deoptimization events (0 events):
No events

Classes loaded (0 events):
No events

Classes unloaded (0 events):
No events

Classes redefined (0 events):
No events

Internal exceptions (0 events):
No events

ZGC Phase Switch (0 events):
No events

VM Operations (0 events):
No events

Memory protections (0 events):
No events

Nmethod flushes (0 events):
No events

Events (0 events):
No events


Dynamic libraries:
0x00007ff6e3cd0000 - 0x00007ff6e3cda000 	C:\Program Files\Android\Android Studio\jbr\bin\java.exe
0x00007ffbaafe0000 - 0x00007ffbab1e9000 	C:\WINDOWS\SYSTEM32\ntdll.dll
0x00007ffbaa060000 - 0x00007ffbaa11d000 	C:\WINDOWS\System32\KERNEL32.DLL
0x00007ffba88c0000 - 0x00007ffba8c44000 	C:\WINDOWS\System32\KERNELBASE.dll
0x00007ffba8680000 - 0x00007ffba8791000 	C:\WINDOWS\System32\ucrtbase.dll
0x00007ffb9c950000 - 0x00007ffb9c968000 	C:\Program Files\Android\Android Studio\jbr\bin\jli.dll
0x00007ffbaa120000 - 0x00007ffbaa2cd000 	C:\WINDOWS\System32\USER32.dll
0x00007ffba8470000 - 0x00007ffba8496000 	C:\WINDOWS\System32\win32u.dll
0x00007ffba9a40000 - 0x00007ffba9a6a000 	C:\WINDOWS\System32\GDI32.dll
0x00007ffba8c50000 - 0x00007ffba8d6e000 	C:\WINDOWS\System32\gdi32full.dll
0x00007ffba8820000 - 0x00007ffba88bd000 	C:\WINDOWS\System32\msvcp_win.dll
0x00007ffb9c7f0000 - 0x00007ffb9c80b000 	C:\Program Files\Android\Android Studio\jbr\bin\VCRUNTIME140.dll
0x00007ffb8e0b0000 - 0x00007ffb8e355000 	C:\WINDOWS\WinSxS\amd64_microsoft.windows.common-controls_6595b64144ccf1df_6.0.22000.120_none_9d947278b86cc467\COMCTL32.dll
0x00007ffba9610000 - 0x00007ffba96b3000 	C:\WINDOWS\System32\msvcrt.dll
0x00007ffba9be0000 - 0x00007ffba9c11000 	C:\WINDOWS\System32\IMM32.DLL
0x00007ffb9c7e0000 - 0x00007ffb9c7ec000 	C:\Program Files\Android\Android Studio\jbr\bin\vcruntime140_1.dll
0x00007ffb95d70000 - 0x00007ffb95dfd000 	C:\Program Files\Android\Android Studio\jbr\bin\msvcp140.dll
0x00007ffb50800000 - 0x00007ffb5148a000 	C:\Program Files\Android\Android Studio\jbr\bin\server\jvm.dll
0x00007ffbaa430000 - 0x00007ffbaa4de000 	C:\WINDOWS\System32\ADVAPI32.dll
0x00007ffbaa6f0000 - 0x00007ffbaa78e000 	C:\WINDOWS\System32\sechost.dll
0x00007ffbaa300000 - 0x00007ffbaa421000 	C:\WINDOWS\System32\RPCRT4.dll
0x00007ffbaa680000 - 0x00007ffbaa6ef000 	C:\WINDOWS\System32\WS2_32.dll
0x00007ffba6dd0000 - 0x00007ffba6e1d000 	C:\WINDOWS\SYSTEM32\POWRPROF.dll
0x00007ffba27a0000 - 0x00007ffba27d3000 	C:\WINDOWS\SYSTEM32\WINMM.dll
0x00007ffb9a380000 - 0x00007ffb9a38a000 	C:\WINDOWS\SYSTEM32\VERSION.dll
0x00007ffba6f00000 - 0x00007ffba6f13000 	C:\WINDOWS\SYSTEM32\UMPDC.dll
0x00007ffba75d0000 - 0x00007ffba75e8000 	C:\WINDOWS\SYSTEM32\kernel.appcore.dll
0x00007ffb9c7d0000 - 0x00007ffb9c7da000 	C:\Program Files\Android\Android Studio\jbr\bin\jimage.dll
0x00007ffb92c70000 - 0x00007ffb92e91000 	C:\WINDOWS\SYSTEM32\DBGHELP.DLL
0x00007ffb92060000 - 0x00007ffb92091000 	C:\WINDOWS\SYSTEM32\dbgcore.DLL
0x00007ffba87a0000 - 0x00007ffba881f000 	C:\WINDOWS\System32\bcryptPrimitives.dll
0x00007ffb9c0a0000 - 0x00007ffb9c0c0000 	C:\Program Files\Android\Android Studio\jbr\bin\java.dll

dbghelp: loaded successfully - version: 4.0.5 - missing functions: none
symbol engine: initialized successfully - sym options: 0x614 - pdb path: .;C:\Program Files\Android\Android Studio\jbr\bin;C:\WINDOWS\SYSTEM32;C:\WINDOWS\WinSxS\amd64_microsoft.windows.common-controls_6595b64144ccf1df_6.0.22000.120_none_9d947278b86cc467;C:\Program Files\Android\Android Studio\jbr\bin\server

VM Arguments:
java_command: git4idea.http.GitAskPassApp Username for 'https://github.com': 
java_class_path (initial): C:/Program Files/Android/Android Studio/plugins/vcs-git/lib/git4idea-rt.jar;C:/Program Files/Android/Android Studio/lib/externalProcess-rt.jar
Launcher Type: SUN_STANDARD

[Global flags]
     intx CICompilerCount                          = 3                                         {product} {ergonomic}
     uint ConcGCThreads                            = 1                                         {product} {ergonomic}
     uint G1ConcRefinementThreads                  = 4                                         {product} {ergonomic}
   size_t G1HeapRegionSize                         = 1048576                                   {product} {ergonomic}
    uintx GCDrainStackTargetSize                   = 64                                        {product} {ergonomic}
   size_t InitialHeapSize                          = 134217728                                 {product} {ergonomic}
   size_t MarkStackSize                            = 4194304                                   {product} {ergonomic}
   size_t MaxHeapSize                              = 2116026368                                {product} {ergonomic}
   size_t MinHeapDeltaBytes                        = 1048576                                   {product} {ergonomic}
   size_t MinHeapSize                              = 8388608                                   {product} {ergonomic}
    uintx NonNMethodCodeHeapSize                   = 5832780                                {pd product} {ergonomic}
    uintx NonProfiledCodeHeapSize                  = 122912730                              {pd product} {ergonomic}
    uintx ProfiledCodeHeapSize                     = 122912730                              {pd product} {ergonomic}
    uintx ReservedCodeCacheSize                    = 251658240                              {pd product} {ergonomic}
     bool SegmentedCodeCache                       = true                                      {product} {ergonomic}
   size_t SoftMaxHeapSize                          = 2116026368                             {manageable} {ergonomic}
     bool UseCompressedOops                        = true                           {product lp64_product} {ergonomic}
     bool UseG1GC                                  = true                                      {product} {ergonomic}
     bool UseLargePagesIndividualAllocation        = false                                  {pd product} {ergonomic}

Logging:
Log output configuration:
 #0: stdout all=warning uptime,level,tags foldmultilines=false
 #1: stderr all=off uptime,level,tags foldmultilines=false

Environment Variables:
JAVA_HOME=C:\Program Files\Java\jdk-23
PATH=C:/Program Files/Git/mingw64/libexec/git-core;C:/Program Files/Git/mingw64/libexec/git-core;C:\Program Files\Git\mingw64\bin;C:\Program Files\Git\usr\bin;C:\Users\Fiaz Zafar\bin;C:\Program Files\Common Files\Oracle\Java\javapath;C:\WINDOWS\system32;C:\WINDOWS;C:\WINDOWS\System32\Wbem;C:\WINDOWS\System32\WindowsPowerShell\v1.0\;C:\WINDOWS\System32\OpenSSH\;C:\Program Files\Git\cmd;C:\Program Files\Java\jdk-23;C:\Program Files\MySQL\MySQL Server 8.0\bin;C:\Program Files\MySQL\MySQL Shell 8.0\bin\;C:\Users\Fiaz Zafar\AppData\Local\Microsoft\WindowsApps;C:\Users\Fiaz Zafar\AppData\Local\Programs\Microsoft VS Code\bin
USERNAME=Fiaz Zafar
DISPLAY=:0.0
LC_ALL=en_US.UTF-8
TERM=xterm-256color
TMPDIR=C:\Users\FIAZZA~1\AppData\Local\Temp
OS=Windows_NT
PROCESSOR_IDENTIFIER=Intel64 Family 6 Model 78 Stepping 3, GenuineIntel
TMP=C:\Users\FIAZZA~1\AppData\Local\Temp
TEMP=C:\Users\FIAZZA~1\AppData\Local\Temp




Periodic native trim disabled

JNI global refs:
JNI global refs: 0, weak refs: 0

JNI global refs memory usage: 0, weak refs: 0

Process memory usage:
Resident Set Size: 10684K (0% of 8257592K total physical memory with 1753576K free physical memory)

OOME stack traces (most recent first):
Classloader memory used:

---------------  S Y S T E M  ---------------

OS:
 Windows 11 , 64 bit Build 22000 (10.0.22000.2538)
OS uptime: 0 days 5:38 hours

CPU: total 4 (initial active 4) (2 cores per cpu, 2 threads per core) family 6 model 78 stepping 3 microcode 0xd6, cx8, cmov, fxsr, ht, mmx, 3dnowpref, sse, sse2, sse3, ssse3, sse4.1, sse4.2, popcnt, lzcnt, tsc, tscinvbit, avx, avx2, aes, erms, clmul, bmi1, bmi2, rtm, adx, fma, vzeroupper, clflush, clflushopt, rdtscp, f16c
Processor Information for processor 0
  Max Mhz: 2501, Current Mhz: 2500, Mhz Limit: 2475
Processor Information for processor 1
  Max Mhz: 2501, Current Mhz: 1500, Mhz Limit: 2475
Processor Information for processor 2
  Max Mhz: 2501, Current Mhz: 2500, Mhz Limit: 2475
Processor Information for processor 3
  Max Mhz: 2501, Current Mhz: 2500, Mhz Limit: 2475

Memory: 4k page, system-wide physical 8064M (1712M free)
TotalPageFile size 19584M (AvailPageFile size 63M)
current process WorkingSet (physical memory assigned to process): 10M, peak: 10M
current process commit charge ("private bytes"): 51M, peak: 179M

vm_info: OpenJDK 64-Bit Server VM (21.0.5+-12932927-b750.29) for windows-amd64 JRE (21.0.5+-12932927-b750.29), built on 2025-01-17T02:01:10Z by "builder" with MS VC++ 16.10 / 16.11 (VS2019)

END.
